安卓armeabi-v7a版本/安卓推流端库及源码/android-build/build/outputs/logs/manifest-merger-debug-report.txt
-- Merging decision tree log ---
manifest
ADDED from AndroidPushStreamer\android-build\AndroidManifest.xml:2:1-92:12
INJECTED from AndroidPushStreamer\android-build\AndroidManifest.xml:2:1-92:12
INJECTED from AndroidPushStreamer\android-build\AndroidManifest.xml:2:1-92:12
INJECTED from AndroidPushStreamer\android-build\AndroidManifest.xml:2:1-92:12
INJECTED from AndroidPushStreamer\android-build\AndroidManifest.xml:2:1-92:12
	package
		ADDED from AndroidPushStreamer\android-build\AndroidManifest.xml:2:11-62
	android:versionName
		ADDED from AndroidPushStreamer\android-build\AndroidManifest.xml:2:122-147
		INJECTED from AndroidPushStreamer\android-build\AndroidManifest.xml
		INJECTED from AndroidPushStreamer\android-build\AndroidManifest.xml
	xmlns:android
		ADDED from AndroidPushStreamer\android-build\AndroidManifest.xml:2:63-121
	android:versionCode
		ADDED from AndroidPushStreamer\android-build\AndroidManifest.xml:2:148-171
		INJECTED from AndroidPushStreamer\android-build\AndroidManifest.xml
		INJECTED from AndroidPushStreamer\android-build\AndroidManifest.xml
	android:installLocation
		ADDED from AndroidPushStreamer\android-build\AndroidManifest.xml:2:172-202
application
ADDED from AndroidPushStreamer\android-build\AndroidManifest.xml:3:5-71:19
	android:label
		ADDED from AndroidPushStreamer\android-build\AndroidManifest.xml:3:117-152
	android:hardwareAccelerated
		ADDED from AndroidPushStreamer\android-build\AndroidManifest.xml:3:18-52
	android:name
		ADDED from AndroidPushStreamer\android-build\AndroidManifest.xml:3:53-116
activity#org.qtproject.qt5.android.bindings.QtActivity
ADDED from AndroidPushStreamer\android-build\AndroidManifest.xml:4:9-67:16
	android:screenOrientation
		ADDED from AndroidPushStreamer\android-build\AndroidManifest.xml:7:19-58
	android:label
		ADDED from AndroidPushStreamer\android-build\AndroidManifest.xml:6:19-54
	android:launchMode
		ADDED from AndroidPushStreamer\android-build\AndroidManifest.xml:8:19-49
	android:configChanges
		ADDED from AndroidPushStreamer\android-build\AndroidManifest.xml:4:19-188
	android:name
		ADDED from AndroidPushStreamer\android-build\AndroidManifest.xml:5:19-79
intent-filter#action:name:android.intent.action.MAIN+category:name:android.intent.category.LAUNCHER
ADDED from AndroidPushStreamer\android-build\AndroidManifest.xml:9:13-12:29
action#android.intent.action.MAIN
ADDED from AndroidPushStreamer\android-build\AndroidManifest.xml:10:17-68
	android:name
		ADDED from AndroidPushStreamer\android-build\AndroidManifest.xml:10:25-66
category#android.intent.category.LAUNCHER
ADDED from AndroidPushStreamer\android-build\AndroidManifest.xml:11:17-76
	android:name
		ADDED from AndroidPushStreamer\android-build\AndroidManifest.xml:11:27-74
meta-data#android.app.lib_name
ADDED from AndroidPushStreamer\android-build\AndroidManifest.xml:18:13-97
	android:value
		ADDED from AndroidPushStreamer\android-build\AndroidManifest.xml:18:60-95
	android:name
		ADDED from AndroidPushStreamer\android-build\AndroidManifest.xml:18:24-59
meta-data#android.app.qt_sources_resource_id
ADDED from AndroidPushStreamer\android-build\AndroidManifest.xml:19:13-112
	android:resource
		ADDED from AndroidPushStreamer\android-build\AndroidManifest.xml:19:74-110
	android:name
		ADDED from AndroidPushStreamer\android-build\AndroidManifest.xml:19:24-73
meta-data#android.app.repository
ADDED from AndroidPushStreamer\android-build\AndroidManifest.xml:20:13-87
	android:value
		ADDED from AndroidPushStreamer\android-build\AndroidManifest.xml:20:62-85
	android:name
		ADDED from AndroidPushStreamer\android-build\AndroidManifest.xml:20:24-61
meta-data#android.app.qt_libs_resource_id
ADDED from AndroidPushStreamer\android-build\AndroidManifest.xml:21:13-106
	android:resource
		ADDED from AndroidPushStreamer\android-build\AndroidManifest.xml:21:71-104
	android:name
		ADDED from AndroidPushStreamer\android-build\AndroidManifest.xml:21:24-70
meta-data#android.app.bundled_libs_resource_id
ADDED from AndroidPushStreamer\android-build\AndroidManifest.xml:22:13-116
	android:resource
		ADDED from AndroidPushStreamer\android-build\AndroidManifest.xml:22:76-114
	android:name
		ADDED from AndroidPushStreamer\android-build\AndroidManifest.xml:22:24-75
meta-data#android.app.bundle_local_qt_libs
ADDED from AndroidPushStreamer\android-build\AndroidManifest.xml:24:13-91
	android:value
		ADDED from AndroidPushStreamer\android-build\AndroidManifest.xml:24:72-89
	android:name
		ADDED from AndroidPushStreamer\android-build\AndroidManifest.xml:24:24-71
meta-data#android.app.bundled_in_lib_resource_id
ADDED from AndroidPushStreamer\android-build\AndroidManifest.xml:25:13-120
	android:resource
		ADDED from AndroidPushStreamer\android-build\AndroidManifest.xml:25:78-118
	android:name
		ADDED from AndroidPushStreamer\android-build\AndroidManifest.xml:25:24-77
meta-data#android.app.bundled_in_assets_resource_id
ADDED from AndroidPushStreamer\android-build\AndroidManifest.xml:26:13-126
	android:resource
		ADDED from AndroidPushStreamer\android-build\AndroidManifest.xml:26:81-124
	android:name
		ADDED from AndroidPushStreamer\android-build\AndroidManifest.xml:26:24-80
meta-data#android.app.use_local_qt_libs
ADDED from AndroidPushStreamer\android-build\AndroidManifest.xml:28:13-88
	android:value
		ADDED from AndroidPushStreamer\android-build\AndroidManifest.xml:28:69-86
	android:name
		ADDED from AndroidPushStreamer\android-build\AndroidManifest.xml:28:24-68
meta-data#android.app.libs_prefix
ADDED from AndroidPushStreamer\android-build\AndroidManifest.xml:29:13-100
	android:value
		ADDED from AndroidPushStreamer\android-build\AndroidManifest.xml:29:63-98
	android:name
		ADDED from AndroidPushStreamer\android-build\AndroidManifest.xml:29:24-62
meta-data#android.app.load_local_libs
ADDED from AndroidPushStreamer\android-build\AndroidManifest.xml:30:13-208
	android:value
		ADDED from AndroidPushStreamer\android-build\AndroidManifest.xml:30:67-206
	android:name
		ADDED from AndroidPushStreamer\android-build\AndroidManifest.xml:30:24-66
meta-data#android.app.load_local_jars
ADDED from AndroidPushStreamer\android-build\AndroidManifest.xml:31:13-147
	android:value
		ADDED from AndroidPushStreamer\android-build\AndroidManifest.xml:31:67-145
	android:name
		ADDED from AndroidPushStreamer\android-build\AndroidManifest.xml:31:24-66
meta-data#android.app.static_init_classes
ADDED from AndroidPushStreamer\android-build\AndroidManifest.xml:32:13-143
	android:value
		ADDED from AndroidPushStreamer\android-build\AndroidManifest.xml:32:71-141
	android:name
		ADDED from AndroidPushStreamer\android-build\AndroidManifest.xml:32:24-70
meta-data#android.app.ministro_not_found_msg
ADDED from AndroidPushStreamer\android-build\AndroidManifest.xml:36:13-122
	android:value
		ADDED from AndroidPushStreamer\android-build\AndroidManifest.xml:36:24-70
	android:name
		ADDED from AndroidPushStreamer\android-build\AndroidManifest.xml:36:71-120
meta-data#android.app.ministro_needed_msg
ADDED from AndroidPushStreamer\android-build\AndroidManifest.xml:37:13-116
	android:value
		ADDED from AndroidPushStreamer\android-build\AndroidManifest.xml:37:24-67
	android:name
		ADDED from AndroidPushStreamer\android-build\AndroidManifest.xml:37:68-114
meta-data#android.app.fatal_error_msg
ADDED from AndroidPushStreamer\android-build\AndroidManifest.xml:38:13-108
	android:value
		ADDED from AndroidPushStreamer\android-build\AndroidManifest.xml:38:24-63
	android:name
		ADDED from AndroidPushStreamer\android-build\AndroidManifest.xml:38:64-106
meta-data#android.app.background_running
ADDED from AndroidPushStreamer\android-build\AndroidManifest.xml:51:13-93
	android:value
		ADDED from AndroidPushStreamer\android-build\AndroidManifest.xml:51:70-91
	android:name
		ADDED from AndroidPushStreamer\android-build\AndroidManifest.xml:51:24-69
meta-data#android.app.auto_screen_scale_factor
ADDED from AndroidPushStreamer\android-build\AndroidManifest.xml:55:13-99
	android:value
		ADDED from AndroidPushStreamer\android-build\AndroidManifest.xml:55:76-97
	android:name
		ADDED from AndroidPushStreamer\android-build\AndroidManifest.xml:55:24-75
meta-data#android.app.extract_android_style
ADDED from AndroidPushStreamer\android-build\AndroidManifest.xml:65:13-98
	android:value
		ADDED from AndroidPushStreamer\android-build\AndroidManifest.xml:65:73-96
	android:name
		ADDED from AndroidPushStreamer\android-build\AndroidManifest.xml:65:24-72
uses-sdk
ADDED from AndroidPushStreamer\android-build\AndroidManifest.xml:73:5-73
	android:targetSdkVersion
		ADDED from AndroidPushStreamer\android-build\AndroidManifest.xml:73:42-71
	android:minSdkVersion
		ADDED from AndroidPushStreamer\android-build\AndroidManifest.xml:73:15-41
supports-screens
ADDED from AndroidPushStreamer\android-build\AndroidManifest.xml:74:5-135
	android:largeScreens
		ADDED from AndroidPushStreamer\android-build\AndroidManifest.xml:74:23-50
	android:smallScreens
		ADDED from AndroidPushStreamer\android-build\AndroidManifest.xml:74:106-133
	android:normalScreens
		ADDED from AndroidPushStreamer\android-build\AndroidManifest.xml:74:51-79
	android:anyDensity
		ADDED from AndroidPushStreamer\android-build\AndroidManifest.xml:74:80-105
uses-permission#android.permission.ACCESS_NETWORK_STATE
ADDED from AndroidPushStreamer\android-build\AndroidManifest.xml:78:9-83
	android:name
		ADDED from AndroidPushStreamer\android-build\AndroidManifest.xml:78:26-80
uses-permission#android.permission.INTERNET
ADDED from AndroidPushStreamer\android-build\AndroidManifest.xml:79:5-67
	android:name
		ADDED from AndroidPushStreamer\android-build\AndroidManifest.xml:79:22-64
uses-permission#android.permission.WRITE_EXTERNAL_STORAGE
ADDED from AndroidPushStreamer\android-build\AndroidManifest.xml:80:5-81
	android:name
		ADDED from AndroidPushStreamer\android-build\AndroidManifest.xml:80:22-78
uses-permission#android.permission.CAMERA
ADDED from AndroidPushStreamer\android-build\AndroidManifest.xml:81:5-65
	android:name
		ADDED from AndroidPushStreamer\android-build\AndroidManifest.xml:81:22-62
uses-permission#android.permission.RECORD_AUDIO
ADDED from AndroidPushStreamer\android-build\AndroidManifest.xml:82:5-71
	android:name
		ADDED from AndroidPushStreamer\android-build\AndroidManifest.xml:82:22-68
uses-feature#android.hardware.camera
ADDED from AndroidPushStreamer\android-build\AndroidManifest.xml:87:9-89
	android:required
		ADDED from AndroidPushStreamer\android-build\AndroidManifest.xml:87:62-86
	android:name
		ADDED from AndroidPushStreamer\android-build\AndroidManifest.xml:87:23-61
uses-feature#android.hardware.camera.autofocus
ADDED from AndroidPushStreamer\android-build\AndroidManifest.xml:88:5-95
	android:required
		ADDED from AndroidPushStreamer\android-build\AndroidManifest.xml:88:68-92
	android:name
		ADDED from AndroidPushStreamer\android-build\AndroidManifest.xml:88:19-67
uses-feature#android.hardware.microphone
ADDED from AndroidPushStreamer\android-build\AndroidManifest.xml:89:5-89
	android:required
		ADDED from AndroidPushStreamer\android-build\AndroidManifest.xml:89:62-86
	android:name
		ADDED from AndroidPushStreamer\android-build\AndroidManifest.xml:89:19-61
uses-feature#0x00020000
ADDED from AndroidPushStreamer\android-build\AndroidManifest.xml:90:5-78
	android:glEsVersion
		ADDED from AndroidPushStreamer\android-build\AndroidManifest.xml:90:19-51
	android:required
		ADDED from AndroidPushStreamer\android-build\AndroidManifest.xml:90:52-75